<?xml version="1.0" encoding="UTF-8"?>
<testsuite name="GradleTestTest" tests="1" skipped="0" failures="0" errors="0" timestamp="2018-04-16T19:58:26" hostname="roam-217-251.plu.edu" time="0.003">
  <properties/>
  <testcase name="testGetThree" classname="GradleTestTest" time="0.003"/>
  <system-out><![CDATA[]]></system-out>
  <system-err><![CDATA[]]></system-err>
</testsuite>
